2026-03-11 15:15:11 [OK] Config loaded
2026-03-11 15:15:11 [OK] PasswordGenerator.psm1 loaded
2026-03-11 15:15:11 [OK] ADManager.psm1 loaded
2026-03-11 15:15:11 [OK] InfisicalManager.psm1 loaded
2026-03-11 15:15:11 [INFO] CSV path: C:\2\.\users.csv
2026-03-11 15:15:11 [INFO] CSV encoding: UTF-8
2026-03-11 15:15:11 [INFO] Loaded 10 rows from CSV
2026-03-11 15:15:11 [OK] Normalized: 10 users
2026-03-11 15:15:19 [OK] Generated: 10, Valid: 10
2026-03-11 15:15:53 [WARN] AD: 8 passwords changed
2026-03-11 15:15:53 [INFO] Exporting 8 secrets
2026-03-11 15:16:03 [OK] Backup: .\backup\passwords-20260311-151603.csv
2026-03-11 15:16:03 [OK] Report: .\report-20260311-151603.csv
2026-03-11 15:16:03 [OK] Completed
2026-03-11 15:27:07 [OK] Config loaded
2026-03-11 15:27:07 [OK] PasswordGenerator.psm1 loaded
2026-03-11 15:27:07 [OK] ADManager.psm1 loaded
2026-03-11 15:27:07 [OK] InfisicalManager.psm1 loaded
2026-03-11 15:27:07 [INFO] CSV path: C:\2\.\users.csv
2026-03-11 15:27:07 [INFO] CSV encoding: UTF-8
2026-03-11 15:27:07 [INFO] Loaded 41 rows from CSV
2026-03-11 15:27:07 [OK] Normalized: 41 users
2026-03-11 15:27:22 [OK] Generated: 41, Valid: 41
2026-03-11 15:28:51 [WARN] AD: 34 passwords changed
2026-03-11 15:28:51 [INFO] Exporting 34 secrets
2026-03-11 15:29:36 [OK] Backup: .\backup\passwords-20260311-152936.csv
2026-03-11 15:29:36 [OK] Report: .\report-20260311-152936.csv
2026-03-11 15:29:36 [OK] Completed
2026-03-11 17:41:41 [OK] Config loaded
2026-03-11 17:41:41 [OK] PasswordGenerator.psm1 loaded
2026-03-11 17:41:41 [OK] ADManager.psm1 loaded
2026-03-11 17:41:41 [OK] InfisicalManager.psm1 loaded
2026-03-11 17:41:41 [INFO] CSV path: C:\2\.\users.csv
2026-03-11 17:41:41 [INFO] CSV encoding: UTF-8
2026-03-11 17:41:41 [INFO] Loaded 49 rows from CSV
2026-03-11 17:41:41 [OK] Normalized: 49 users
2026-03-11 17:41:47 [OK] Generated: 49, Valid: 49
2026-03-11 17:44:35 [WARN] AD: 43 passwords changed
2026-03-11 17:44:35 [INFO] Exporting 43 secrets
2026-03-11 17:45:37 [OK] Backup: .\backup\passwords-20260311-174537.csv
2026-03-11 17:45:37 [OK] Report: .\report-20260311-174537.csv
2026-03-11 17:45:37 [OK] Completed
2026-03-12 15:15:42 [OK] Config loaded
2026-03-12 15:15:42 [OK] PasswordGenerator.psm1 loaded
2026-03-12 15:15:43 [OK] ADManager.psm1 loaded
2026-03-12 15:15:43 [OK] InfisicalManager.psm1 loaded
2026-03-12 15:15:43 [INFO] CSV path: C:\2\.\users.csv
2026-03-12 15:15:43 [INFO] CSV encoding: UTF-8
2026-03-12 15:15:43 [INFO] Loaded 50 rows from CSV
2026-03-12 15:15:43 [OK] Normalized: 50 users
2026-03-12 15:15:49 [OK] Generated: 50, Valid: 50
2026-03-12 15:17:20 [WARN] AD: 45 passwords changed
2026-03-12 15:17:20 [INFO] Exporting 45 secrets
2026-03-12 15:18:21 [OK] Backup: .\backup\passwords-20260312-151821.csv
2026-03-12 15:18:21 [OK] Report: .\report-20260312-151821.csv
2026-03-12 15:18:21 [OK] Completed
2026-03-13 15:36:26 [OK] Config loaded
2026-03-13 15:36:26 [OK] PasswordGenerator.psm1 loaded
2026-03-13 15:36:26 [OK] ADManager.psm1 loaded
2026-03-13 15:36:26 [OK] InfisicalManager.psm1 loaded
2026-03-13 15:36:26 [INFO] CSV path: C:\2\.\users.csv
2026-03-13 15:36:26 [INFO] CSV encoding: UTF-8
2026-03-13 15:36:26 [INFO] Loaded 150 rows from CSV
2026-03-13 15:36:26 [OK] Normalized: 150 users
2026-03-13 15:36:31 [OK] Generated: 150, Valid: 150
2026-03-13 15:43:20 [WARN] AD: 139 passwords changed
2026-03-13 15:43:21 [INFO] Exporting 139 secrets
2026-03-13 15:46:48 [OK] Backup: .\backup\passwords-20260313-154648.csv
2026-03-13 15:46:48 [OK] Report: .\report-20260313-154648.csv
2026-03-13 15:46:48 [OK] Completed
2026-03-16 14:07:49 [OK] Config loaded
2026-03-16 14:07:49 [OK] PasswordGenerator.psm1 loaded
2026-03-16 14:07:49 [OK] ADManager.psm1 loaded
2026-03-16 14:07:49 [OK] InfisicalManager.psm1 loaded
2026-03-16 14:07:49 [INFO] CSV path: C:\2\.\users.csv
2026-03-16 14:07:49 [INFO] CSV encoding: UTF-8
2026-03-16 14:07:49 [INFO] Loaded 65 rows from CSV
2026-03-16 14:07:49 [OK] Normalized: 65 users
2026-03-16 14:07:56 [OK] Generated: 65, Valid: 65
2026-03-16 14:09:56 [WARN] AD: 62 passwords changed
2026-03-16 14:09:56 [INFO] Exporting 62 secrets
2026-03-16 14:11:29 [OK] Backup: .\backup\passwords-20260316-141129.csv
2026-03-16 14:11:29 [OK] Report: .\report-20260316-141129.csv
2026-03-16 14:11:29 [OK] Completed
2026-03-18 12:47:35 [OK] Config loaded
2026-03-18 12:47:35 [OK] PasswordGenerator.psm1 loaded
2026-03-18 12:47:35 [OK] ADManager.psm1 loaded
2026-03-18 12:47:35 [OK] InfisicalManager.psm1 loaded
2026-03-18 12:47:35 [INFO] CSV path: C:\2\.\users.csv
2026-03-18 12:47:35 [INFO] CSV encoding: UTF-8
2026-03-18 12:47:35 [INFO] Loaded 65 rows from CSV
2026-03-18 12:47:35 [OK] Normalized: 65 users
2026-03-18 12:47:36 [OK] Generated: 65, Valid: 65
2026-03-18 12:47:37 [WARN] AD: 0 passwords changed
2026-03-18 12:47:37 [INFO] Exporting 0 secrets
2026-03-18 12:47:37 [OK] Backup: .\backup\passwords-20260318-124737.csv
2026-03-18 12:47:37 [OK] Report: .\report-20260318-124737.csv
2026-03-18 12:47:37 [OK] Completed
2026-03-18 12:48:40 [OK] Config loaded
2026-03-18 12:48:40 [OK] PasswordGenerator.psm1 loaded
2026-03-18 12:48:40 [OK] ADManager.psm1 loaded
2026-03-18 12:48:40 [OK] InfisicalManager.psm1 loaded
2026-03-18 12:48:40 [INFO] CSV path: C:\2\.\users.csv
2026-03-18 12:48:40 [INFO] CSV encoding: UTF-8
2026-03-18 12:48:40 [INFO] Loaded 10 rows from CSV
2026-03-18 12:48:40 [OK] Normalized: 10 users
2026-03-18 12:48:40 [OK] Generated: 10, Valid: 10
2026-03-18 12:48:40 [WARN] AD: 0 passwords changed
2026-03-18 12:48:41 [INFO] Exporting 0 secrets
2026-03-18 12:48:41 [OK] Backup: .\backup\passwords-20260318-124841.csv
2026-03-18 12:48:41 [OK] Report: .\report-20260318-124841.csv
2026-03-18 12:48:41 [OK] Completed
2026-03-18 12:55:45 [OK] Config loaded
2026-03-18 12:55:45 [OK] PasswordGenerator.psm1 loaded
2026-03-18 12:55:45 [OK] ADManager.psm1 loaded
2026-03-18 12:55:45 [OK] InfisicalManager.psm1 loaded
2026-03-18 12:55:45 [INFO] CSV path: C:\2\.\users.csv
2026-03-18 12:55:45 [INFO] CSV encoding: UTF-8
2026-03-18 12:55:45 [INFO] Loaded 10 rows from CSV
2026-03-18 12:55:45 [OK] Normalized: 10 users
2026-03-18 12:55:45 [OK] Generated: 10, Valid: 10
2026-03-18 12:55:46 [WARN] AD: 0 passwords changed
2026-03-18 12:55:46 [INFO] Exporting 0 secrets
2026-03-18 12:55:46 [OK] Backup: .\backup\passwords-20260318-125546.csv
2026-03-18 12:55:46 [OK] Report: .\report-20260318-125546.csv
2026-03-18 12:55:46 [OK] Completed
2026-03-18 13:00:38 [OK] Config loaded
2026-03-18 13:00:38 [OK] PasswordGenerator.psm1 loaded
2026-03-18 13:00:38 [OK] ADManager.psm1 loaded
2026-03-18 13:00:38 [OK] InfisicalManager.psm1 loaded
2026-03-18 13:00:38 [INFO] CSV path: C:\2\.\users.csv
2026-03-18 13:00:38 [INFO] CSV encoding: UTF-8
2026-03-18 13:00:38 [INFO] Loaded 10 rows from CSV
2026-03-18 13:00:38 [OK] Normalized: 10 users
2026-03-18 13:00:38 [OK] Generated: 10, Valid: 10
2026-03-18 13:00:38 [OK] AD: 10 passwords changed
2026-03-18 13:00:38 [INFO] Exporting 10 secrets
2026-03-18 13:00:55 [OK] Backup: .\backup\passwords-20260318-130055.csv
2026-03-18 13:00:55 [OK] Report: .\report-20260318-130055.csv
2026-03-18 13:00:55 [OK] Completed
2026-03-18 14:35:47 [OK] Config loaded
2026-03-18 14:35:47 [OK] PasswordGenerator.psm1 loaded
2026-03-18 14:35:47 [OK] ADManager.psm1 loaded
2026-03-18 14:35:47 [OK] InfisicalManager.psm1 loaded
2026-03-18 14:35:47 [INFO] CSV path: C:\2\.\users.csv
2026-03-18 14:35:47 [INFO] CSV encoding: UTF-8
2026-03-18 14:35:47 [INFO] Loaded 1 rows from CSV
2026-03-18 14:35:47 [OK] Normalized: 1 users
2026-03-18 14:35:47 [OK] Generated: 1, Valid: 1
2026-03-18 14:35:47 [OK] AD: 1 passwords changed
2026-03-18 14:35:47 [INFO] Exporting 1 secrets
2026-03-18 14:35:49 [OK] Backup: .\backup\passwords-20260318-143549.csv
2026-03-18 14:35:49 [OK] Report: .\report-20260318-143549.csv
2026-03-18 14:35:49 [OK] Completed
2026-03-18 14:36:28 [OK] Config loaded
2026-03-18 14:36:28 [OK] PasswordGenerator.psm1 loaded
2026-03-18 14:36:28 [OK] ADManager.psm1 loaded
2026-03-18 14:36:28 [OK] InfisicalManager.psm1 loaded
2026-03-18 14:36:28 [INFO] CSV path: C:\2\.\users.csv
2026-03-18 14:36:28 [INFO] CSV encoding: UTF-8
2026-03-18 14:36:28 [INFO] Loaded 1 rows from CSV
2026-03-18 14:36:28 [OK] Normalized: 1 users
2026-03-18 14:36:41 [OK] Generated: 1, Valid: 1
2026-03-18 14:36:41 [WARN] AD: 0 passwords changed
2026-03-18 14:36:41 [INFO] Exporting 0 secrets
2026-03-18 14:36:42 [OK] Backup: .\backup\passwords-20260318-143642.csv
2026-03-18 14:36:42 [OK] Report: .\report-20260318-143642.csv
2026-03-18 14:36:42 [OK] Completed
2026-03-18 14:48:25 [OK] Config loaded
2026-03-18 14:48:25 [OK] PasswordGenerator.psm1 loaded
2026-03-18 14:48:25 [OK] ADManager.psm1 loaded
2026-03-18 14:48:25 [OK] InfisicalManager.psm1 loaded
2026-03-18 14:48:25 [INFO] CSV path: C:\2\.\users.csv
2026-03-18 14:48:25 [INFO] CSV encoding: UTF-8
2026-03-18 14:48:25 [INFO] Loaded 1 rows from CSV
2026-03-18 14:48:25 [OK] Normalized: 1 users
2026-03-18 14:48:30 [OK] Generated: 1, Valid: 1
2026-03-18 14:48:31 [WARN] AD: 0 passwords changed
2026-03-18 14:48:31 [INFO] Exporting 0 secrets
2026-03-18 14:48:31 [OK] Backup: .\backup\passwords-20260318-144831.csv
2026-03-18 14:48:31 [OK] Report: .\report-20260318-144831.csv
2026-03-18 14:48:31 [OK] Completed
2026-03-18 14:56:14 [OK] Config loaded
2026-03-18 14:56:14 [OK] PasswordGenerator.psm1 loaded
2026-03-18 14:56:15 [OK] ADManager.psm1 loaded
2026-03-18 14:56:15 [OK] InfisicalManager.psm1 loaded
2026-03-18 14:56:15 [INFO] CSV path: C:\2\.\users.csv
2026-03-18 14:56:15 [INFO] CSV encoding: UTF-8
2026-03-18 14:56:15 [INFO] Loaded 1 rows from CSV
2026-03-18 14:56:15 [OK] Normalized: 1 users
2026-03-18 14:56:33 [OK] Generated: 1, Valid: 1
2026-03-18 14:56:34 [OK] AD: 1 passwords changed
2026-03-18 14:56:34 [INFO] Exporting 1 secrets
2026-03-18 14:56:35 [OK] Backup: .\backup\passwords-20260318-145635.csv
2026-03-18 14:56:35 [OK] Report: .\report-20260318-145635.csv
2026-03-18 14:56:35 [OK] Completed
2026-03-18 15:25:45 [OK] Config loaded
2026-03-18 15:25:45 [OK] PasswordGenerator.psm1 loaded
2026-03-18 15:25:45 [OK] ADManager.psm1 loaded
2026-03-18 15:25:45 [OK] InfisicalManager.psm1 loaded
2026-03-18 15:25:45 [INFO] CSV path: C:\2\.\users.csv
2026-03-18 15:25:45 [INFO] CSV encoding: UTF-8
2026-03-18 15:25:45 [INFO] Loaded 8 rows from CSV
2026-03-18 15:25:45 [OK] Normalized: 8 users
2026-03-18 15:25:52 [OK] Generated: 8, Valid: 8
2026-03-18 15:25:52 [OK] AD: 8 passwords changed
2026-03-18 15:25:52 [INFO] Exporting 8 secrets
2026-03-18 15:26:05 [OK] Backup: .\backup\passwords-20260318-152605.csv
2026-03-18 15:26:05 [OK] Report: .\report-20260318-152605.csv
2026-03-18 15:26:05 [OK] Completed
2026-03-18 15:59:41 [OK] Config loaded
2026-03-18 15:59:41 [OK] PasswordGenerator.psm1 loaded
2026-03-18 15:59:41 [OK] ADManager.psm1 loaded
2026-03-18 15:59:41 [OK] InfisicalManager.psm1 loaded
2026-03-18 15:59:41 [INFO] CSV path: C:\2\.\users.csv
2026-03-18 15:59:41 [INFO] CSV encoding: UTF-8
2026-03-18 15:59:41 [INFO] Loaded 6 rows from CSV
2026-03-18 15:59:41 [OK] Normalized: 6 users
2026-03-18 15:59:49 [OK] Generated: 6, Valid: 6
2026-03-18 15:59:50 [OK] AD: 6 passwords changed
2026-03-18 15:59:50 [INFO] Exporting 6 secrets
2026-03-18 15:59:59 [OK] Backup: .\backup\passwords-20260318-155959.csv
2026-03-18 15:59:59 [OK] Report: .\report-20260318-155959.csv
2026-03-18 15:59:59 [OK] Completed
2026-03-18 16:08:44 [OK] Config loaded
2026-03-18 16:08:44 [OK] PasswordGenerator.psm1 loaded
2026-03-18 16:08:44 [OK] ADManager.psm1 loaded
2026-03-18 16:08:44 [OK] InfisicalManager.psm1 loaded
2026-03-18 16:08:44 [INFO] CSV path: C:\2\.\users.csv
2026-03-18 16:08:44 [INFO] CSV encoding: UTF-8
2026-03-18 16:08:44 [INFO] Loaded 2 rows from CSV
2026-03-18 16:08:44 [OK] Normalized: 2 users
2026-03-18 16:08:49 [OK] Generated: 2, Valid: 2
2026-03-18 16:08:50 [OK] AD: 2 passwords changed
2026-03-18 16:08:50 [INFO] Exporting 2 secrets
2026-03-18 16:08:53 [OK] Backup: .\backup\passwords-20260318-160853.csv
2026-03-18 16:08:53 [OK] Report: .\report-20260318-160853.csv
2026-03-18 16:08:53 [OK] Completed
2026-03-18 16:14:08 [OK] Config loaded
2026-03-18 16:14:08 [OK] PasswordGenerator.psm1 loaded
2026-03-18 16:14:08 [OK] ADManager.psm1 loaded
2026-03-18 16:14:09 [OK] InfisicalManager.psm1 loaded
2026-03-18 16:14:09 [INFO] CSV path: C:\2\.\users.csv
2026-03-18 16:14:09 [INFO] CSV encoding: UTF-8
2026-03-18 16:14:09 [INFO] Loaded 13 rows from CSV
2026-03-18 16:14:09 [OK] Normalized: 13 users
2026-03-18 16:14:13 [OK] Generated: 13, Valid: 13
2026-03-18 16:14:14 [OK] AD: 13 passwords changed
2026-03-18 16:14:14 [INFO] Exporting 13 secrets
2026-03-18 16:14:34 [OK] Backup: .\backup\passwords-20260318-161434.csv
2026-03-18 16:14:34 [OK] Report: .\report-20260318-161434.csv
2026-03-18 16:14:34 [OK] Completed
2026-03-18 16:27:06 [OK] Config loaded
2026-03-18 16:27:06 [OK] PasswordGenerator.psm1 loaded
2026-03-18 16:27:06 [OK] ADManager.psm1 loaded
2026-03-18 16:27:06 [OK] InfisicalManager.psm1 loaded
2026-03-18 16:27:06 [INFO] CSV path: C:\2\.\users.csv
2026-03-18 16:27:06 [INFO] CSV encoding: UTF-8
2026-03-18 16:27:06 [INFO] Loaded 11 rows from CSV
2026-03-18 16:27:06 [OK] Normalized: 11 users
2026-03-18 16:27:11 [OK] Generated: 11, Valid: 11
2026-03-18 16:27:12 [OK] AD: 11 passwords changed
2026-03-18 16:27:12 [INFO] Exporting 11 secrets
2026-03-18 16:27:30 [OK] Backup: .\backup\passwords-20260318-162730.csv
2026-03-18 16:27:30 [OK] Report: .\report-20260318-162730.csv
2026-03-18 16:27:30 [OK] Completed
2026-03-18 16:32:40 [OK] Config loaded
2026-03-18 16:32:40 [OK] PasswordGenerator.psm1 loaded
2026-03-18 16:32:40 [OK] ADManager.psm1 loaded
2026-03-18 16:32:40 [OK] InfisicalManager.psm1 loaded
2026-03-18 16:32:40 [INFO] CSV path: C:\2\.\users.csv
2026-03-18 16:32:40 [INFO] CSV encoding: UTF-8
2026-03-18 16:32:40 [INFO] Loaded 10 rows from CSV
2026-03-18 16:32:40 [OK] Normalized: 10 users
2026-03-18 16:32:44 [OK] Generated: 10, Valid: 10
2026-03-18 16:32:44 [OK] AD: 10 passwords changed
2026-03-18 16:32:44 [INFO] Exporting 10 secrets
2026-03-18 16:32:59 [OK] Backup: .\backup\passwords-20260318-163259.csv
2026-03-18 16:32:59 [OK] Report: .\report-20260318-163259.csv
2026-03-18 16:32:59 [OK] Completed
2026-03-18 16:43:52 [OK] Config loaded
2026-03-18 16:43:52 [OK] PasswordGenerator.psm1 loaded
2026-03-18 16:43:52 [OK] ADManager.psm1 loaded
2026-03-18 16:43:52 [OK] InfisicalManager.psm1 loaded
2026-03-18 16:43:52 [INFO] CSV path: C:\2\.\users.csv
2026-03-18 16:43:52 [INFO] CSV encoding: UTF-8
2026-03-18 16:43:52 [INFO] Loaded 1 rows from CSV
2026-03-18 16:43:52 [OK] Normalized: 1 users
2026-03-18 16:43:56 [OK] Generated: 1, Valid: 1
2026-03-18 16:44:00 [OK] AD: 1 passwords changed
2026-03-18 16:44:00 [INFO] Exporting 1 secrets
2026-03-18 16:44:02 [OK] Backup: .\backup\passwords-20260318-164402.csv
2026-03-18 16:44:02 [OK] Report: .\report-20260318-164402.csv
2026-03-18 16:44:02 [OK] Completed
2026-03-19 08:58:14 [OK] Config loaded
2026-03-19 08:58:14 [OK] PasswordGenerator.psm1 loaded
2026-03-19 08:58:14 [OK] ADManager.psm1 loaded
2026-03-19 08:58:14 [OK] InfisicalManager.psm1 loaded
2026-03-19 08:58:14 [INFO] CSV path: C:\2\.\users.csv
2026-03-19 08:58:14 [INFO] CSV encoding: UTF-8
2026-03-19 08:58:14 [INFO] Loaded 1 rows from CSV
2026-03-19 08:58:14 [OK] Normalized: 1 users
2026-03-19 08:58:17 [OK] Generated: 1, Valid: 1
2026-03-19 08:58:18 [OK] AD: 1 passwords changed
2026-03-19 08:58:18 [INFO] Exporting 1 secrets
2026-03-19 08:58:20 [OK] Backup: .\backup\passwords-20260319-085820.csv
2026-03-19 08:58:20 [OK] Report: .\report-20260319-085820.csv
2026-03-19 08:58:20 [OK] Completed
2026-03-19 09:06:33 [OK] Config loaded
2026-03-19 09:06:33 [OK] PasswordGenerator.psm1 loaded
2026-03-19 09:06:34 [OK] ADManager.psm1 loaded
2026-03-19 09:06:34 [OK] InfisicalManager.psm1 loaded
2026-03-19 09:06:34 [INFO] CSV path: C:\2\.\users.csv
2026-03-19 09:06:34 [INFO] CSV encoding: UTF-8
2026-03-19 09:06:34 [INFO] Loaded 13 rows from CSV
2026-03-19 09:06:34 [OK] Normalized: 13 users
2026-03-19 09:06:37 [OK] Generated: 13, Valid: 13
2026-03-19 09:06:38 [OK] AD: 13 passwords changed
2026-03-19 09:06:38 [INFO] Exporting 13 secrets
2026-03-19 09:06:58 [OK] Backup: .\backup\passwords-20260319-090658.csv
2026-03-19 09:06:58 [OK] Report: .\report-20260319-090658.csv
2026-03-19 09:06:58 [OK] Completed
2026-03-19 09:25:01 [OK] Config loaded
2026-03-19 09:25:01 [OK] PasswordGenerator.psm1 loaded
2026-03-19 09:25:01 [OK] ADManager.psm1 loaded
2026-03-19 09:25:01 [OK] InfisicalManager.psm1 loaded
2026-03-19 09:25:01 [INFO] CSV path: C:\2\.\users.csv
2026-03-19 09:25:01 [INFO] CSV encoding: UTF-8
2026-03-19 09:25:01 [INFO] Loaded 5 rows from CSV
2026-03-19 09:25:01 [OK] Normalized: 5 users
2026-03-19 09:25:05 [OK] Generated: 5, Valid: 5
2026-03-19 09:25:05 [OK] AD: 5 passwords changed
2026-03-19 09:25:05 [INFO] Exporting 5 secrets
2026-03-19 09:25:13 [OK] Backup: .\backup\passwords-20260319-092513.csv
2026-03-19 09:25:13 [OK] Report: .\report-20260319-092513.csv
2026-03-19 09:25:13 [OK] Completed
2026-03-19 09:31:56 [OK] Config loaded
2026-03-19 09:31:56 [OK] PasswordGenerator.psm1 loaded
2026-03-19 09:31:56 [OK] ADManager.psm1 loaded
2026-03-19 09:31:56 [OK] InfisicalManager.psm1 loaded
2026-03-19 09:31:56 [INFO] CSV path: C:\2\.\users.csv
2026-03-19 09:31:56 [INFO] CSV encoding: UTF-8
2026-03-19 09:31:56 [INFO] Loaded 1 rows from CSV
2026-03-19 09:31:56 [OK] Normalized: 1 users
2026-03-19 09:31:58 [OK] Generated: 1, Valid: 1
2026-03-19 09:31:58 [OK] AD: 1 passwords changed
2026-03-19 09:31:59 [INFO] Exporting 1 secrets
2026-03-19 09:32:00 [OK] Backup: .\backup\passwords-20260319-093200.csv
2026-03-19 09:32:00 [OK] Report: .\report-20260319-093200.csv
2026-03-19 09:32:00 [OK] Completed
2026-03-19 09:38:57 [OK] Config loaded
2026-03-19 09:38:57 [OK] PasswordGenerator.psm1 loaded
2026-03-19 09:38:57 [OK] ADManager.psm1 loaded
2026-03-19 09:38:57 [OK] InfisicalManager.psm1 loaded
2026-03-19 09:38:57 [INFO] CSV path: C:\2\.\users.csv
2026-03-19 09:38:57 [INFO] CSV encoding: UTF-8
2026-03-19 09:38:57 [INFO] Loaded 7 rows from CSV
2026-03-19 09:38:57 [OK] Normalized: 7 users
2026-03-19 09:39:39 [WARN] Cancelled
2026-03-19 09:39:57 [OK] Config loaded
2026-03-19 09:39:57 [OK] PasswordGenerator.psm1 loaded
2026-03-19 09:39:57 [OK] ADManager.psm1 loaded
2026-03-19 09:39:57 [OK] InfisicalManager.psm1 loaded
2026-03-19 09:39:57 [INFO] CSV path: C:\2\.\users.csv
2026-03-19 09:39:57 [INFO] CSV encoding: UTF-8
2026-03-19 09:39:57 [INFO] Loaded 6 rows from CSV
2026-03-19 09:39:57 [OK] Normalized: 6 users
2026-03-19 09:41:07 [OK] Generated: 6, Valid: 6
2026-03-19 09:41:07 [OK] AD: 6 passwords changed
2026-03-19 09:41:07 [INFO] Exporting 6 secrets
2026-03-19 09:41:19 [OK] Backup: .\backup\passwords-20260319-094119.csv
2026-03-19 09:41:19 [OK] Report: .\report-20260319-094119.csv
2026-03-19 09:41:19 [OK] Completed
2026-03-19 09:52:35 [OK] Config loaded
2026-03-19 09:52:35 [OK] PasswordGenerator.psm1 loaded
2026-03-19 09:52:35 [OK] ADManager.psm1 loaded
2026-03-19 09:52:35 [OK] InfisicalManager.psm1 loaded
2026-03-19 09:52:35 [INFO] CSV path: C:\2\.\users.csv
2026-03-19 09:52:35 [INFO] CSV encoding: UTF-8
2026-03-19 09:52:35 [INFO] Loaded 10 rows from CSV
2026-03-19 09:52:35 [OK] Normalized: 10 users
2026-03-19 09:52:38 [OK] Generated: 10, Valid: 10
2026-03-19 09:52:38 [OK] AD: 10 passwords changed
2026-03-19 09:52:38 [INFO] Exporting 10 secrets
2026-03-19 09:52:54 [OK] Backup: .\backup\passwords-20260319-095254.csv
2026-03-19 09:52:54 [OK] Report: .\report-20260319-095254.csv
2026-03-19 09:52:54 [OK] Completed
2026-03-19 10:02:53 [OK] Config loaded
2026-03-19 10:02:53 [OK] PasswordGenerator.psm1 loaded
2026-03-19 10:02:53 [OK] ADManager.psm1 loaded
2026-03-19 10:02:53 [OK] InfisicalManager.psm1 loaded
2026-03-19 10:02:53 [INFO] CSV path: C:\2\.\users.csv
2026-03-19 10:02:53 [INFO] CSV encoding: UTF-8
2026-03-19 10:02:53 [INFO] Loaded 10 rows from CSV
2026-03-19 10:02:53 [OK] Normalized: 10 users
2026-03-19 10:02:57 [OK] Generated: 10, Valid: 10
2026-03-19 10:02:57 [OK] AD: 10 passwords changed
2026-03-19 10:02:58 [INFO] Exporting 10 secrets
2026-03-19 10:03:13 [OK] Backup: .\backup\passwords-20260319-100313.csv
2026-03-19 10:03:13 [OK] Report: .\report-20260319-100313.csv
2026-03-19 10:03:13 [OK] Completed
2026-03-19 10:14:53 [OK] Config loaded
2026-03-19 10:14:53 [OK] PasswordGenerator.psm1 loaded
2026-03-19 10:14:53 [OK] ADManager.psm1 loaded
2026-03-19 10:14:53 [OK] InfisicalManager.psm1 loaded
2026-03-19 10:14:53 [INFO] CSV path: C:\2\.\users.csv
2026-03-19 10:14:53 [INFO] CSV encoding: UTF-8
2026-03-19 10:14:53 [INFO] Loaded 3 rows from CSV
2026-03-19 10:14:53 [OK] Normalized: 3 users
2026-03-19 10:14:57 [OK] Generated: 3, Valid: 3
2026-03-19 10:14:57 [OK] AD: 3 passwords changed
2026-03-19 10:14:57 [INFO] Exporting 3 secrets
2026-03-19 10:15:02 [OK] Backup: .\backup\passwords-20260319-101502.csv
2026-03-19 10:15:02 [OK] Report: .\report-20260319-101502.csv
2026-03-19 10:15:02 [OK] Completed
2026-03-19 10:34:16 [OK] Config loaded
2026-03-19 10:34:16 [OK] PasswordGenerator.psm1 loaded
2026-03-19 10:34:16 [OK] ADManager.psm1 loaded
2026-03-19 10:34:16 [OK] InfisicalManager.psm1 loaded
2026-03-19 10:34:16 [INFO] CSV path: C:\2\.\users.csv
2026-03-19 10:34:16 [INFO] CSV encoding: UTF-8
2026-03-19 10:34:16 [INFO] Loaded 7 rows from CSV
2026-03-19 10:34:16 [OK] Normalized: 7 users
2026-03-19 10:34:19 [OK] Generated: 7, Valid: 7
2026-03-19 10:34:19 [OK] AD: 7 passwords changed
2026-03-19 10:34:19 [INFO] Exporting 7 secrets
2026-03-19 10:34:30 [OK] Backup: .\backup\passwords-20260319-103430.csv
2026-03-19 10:34:30 [OK] Report: .\report-20260319-103430.csv
2026-03-19 10:34:30 [OK] Completed
2026-03-19 11:03:44 [OK] Config loaded
2026-03-19 11:03:44 [OK] PasswordGenerator.psm1 loaded
2026-03-19 11:03:44 [OK] ADManager.psm1 loaded
2026-03-19 11:03:44 [OK] InfisicalManager.psm1 loaded
2026-03-19 11:03:44 [INFO] CSV path: C:\2\.\users.csv
2026-03-19 11:03:44 [INFO] CSV encoding: UTF-8
2026-03-19 11:03:44 [INFO] Loaded 13 rows from CSV
2026-03-19 11:03:44 [OK] Normalized: 13 users
2026-03-19 11:03:47 [OK] Generated: 13, Valid: 13
2026-03-19 11:03:48 [OK] AD: 13 passwords changed
2026-03-19 11:03:48 [INFO] Exporting 13 secrets
2026-03-19 11:04:12 [OK] Backup: .\backup\passwords-20260319-110412.csv
2026-03-19 11:04:12 [OK] Report: .\report-20260319-110412.csv
2026-03-19 11:04:12 [OK] Completed
2026-03-19 11:14:21 [OK] Config loaded
2026-03-19 11:14:21 [OK] PasswordGenerator.psm1 loaded
2026-03-19 11:14:21 [OK] ADManager.psm1 loaded
2026-03-19 11:14:21 [OK] InfisicalManager.psm1 loaded
2026-03-19 11:14:21 [INFO] CSV path: C:\2\.\users.csv
2026-03-19 11:14:21 [INFO] CSV encoding: UTF-8
2026-03-19 11:14:21 [INFO] Loaded 1 rows from CSV
2026-03-19 11:14:21 [OK] Normalized: 1 users
2026-03-19 11:14:25 [OK] Generated: 1, Valid: 1
2026-03-19 11:14:25 [OK] AD: 1 passwords changed
2026-03-19 11:14:25 [INFO] Exporting 1 secrets
2026-03-19 11:14:27 [OK] Backup: .\backup\passwords-20260319-111427.csv
2026-03-19 11:14:27 [OK] Report: .\report-20260319-111427.csv
2026-03-19 11:14:27 [OK] Completed
2026-03-19 12:00:14 [OK] Config loaded
2026-03-19 12:00:14 [OK] PasswordGenerator.psm1 loaded
2026-03-19 12:00:14 [OK] ADManager.psm1 loaded
2026-03-19 12:00:14 [OK] InfisicalManager.psm1 loaded
2026-03-19 12:00:14 [INFO] CSV path: C:\2\.\users.csv
2026-03-19 12:00:14 [INFO] CSV encoding: UTF-8
2026-03-19 12:00:14 [INFO] Loaded 10 rows from CSV
2026-03-19 12:00:14 [OK] Normalized: 10 users
2026-03-19 12:00:29 [OK] Generated: 10, Valid: 10
2026-03-19 12:00:29 [OK] AD: 10 passwords changed
2026-03-19 12:00:29 [INFO] Exporting 10 secrets
2026-03-19 12:00:45 [OK] Backup: .\backup\passwords-20260319-120045.csv
2026-03-19 12:00:45 [OK] Report: .\report-20260319-120045.csv
2026-03-19 12:00:45 [OK] Completed
2026-03-19 16:19:37 [OK] Config loaded
2026-03-19 16:19:37 [OK] PasswordGenerator.psm1 loaded
2026-03-19 16:19:37 [OK] ADManager.psm1 loaded
2026-03-19 16:19:37 [OK] InfisicalManager.psm1 loaded
2026-03-19 16:19:37 [INFO] CSV path: C:\2\.\users.csv
2026-03-19 16:19:37 [INFO] CSV encoding: UTF-8
2026-03-19 16:19:37 [INFO] Loaded 1 rows from CSV
2026-03-19 16:19:37 [OK] Normalized: 1 users
2026-03-19 16:19:40 [OK] Generated: 1, Valid: 1
2026-03-19 16:19:41 [OK] AD: 1 passwords changed
2026-03-19 16:19:41 [INFO] Exporting 1 secrets
2026-03-19 16:19:43 [OK] Backup: .\backup\passwords-20260319-161943.csv
2026-03-19 16:19:43 [OK] Report: .\report-20260319-161943.csv
2026-03-19 16:19:43 [OK] Completed
2026-03-19 16:22:58 [OK] Config loaded
2026-03-19 16:22:58 [OK] PasswordGenerator.psm1 loaded
2026-03-19 16:22:58 [OK] ADManager.psm1 loaded
2026-03-19 16:22:58 [OK] InfisicalManager.psm1 loaded
2026-03-19 16:22:58 [INFO] CSV path: C:\2\.\users.csv
2026-03-19 16:22:58 [INFO] CSV encoding: UTF-8
2026-03-19 16:22:58 [INFO] Loaded 1 rows from CSV
2026-03-19 16:22:58 [OK] Normalized: 1 users
2026-03-19 16:23:03 [OK] Generated: 1, Valid: 1
2026-03-19 16:23:03 [OK] AD: 1 passwords changed
2026-03-19 16:23:04 [INFO] Exporting 1 secrets
2026-03-19 16:23:05 [OK] Backup: .\backup\passwords-20260319-162305.csv
2026-03-19 16:23:05 [OK] Report: .\report-20260319-162305.csv
2026-03-19 16:23:05 [OK] Completed
2026-03-19 16:37:10 [OK] Config loaded
2026-03-19 16:37:10 [OK] PasswordGenerator.psm1 loaded
2026-03-19 16:37:10 [OK] ADManager.psm1 loaded
2026-03-19 16:37:10 [OK] InfisicalManager.psm1 loaded
2026-03-19 16:37:10 [INFO] CSV path: C:\2\.\users.csv
2026-03-19 16:37:10 [INFO] CSV encoding: UTF-8
2026-03-19 16:37:10 [INFO] Loaded 25 rows from CSV
2026-03-19 16:37:11 [OK] Normalized: 25 users
2026-03-19 16:37:16 [OK] Generated: 25, Valid: 25
2026-03-19 16:37:17 [OK] AD: 25 passwords changed
2026-03-19 16:37:17 [INFO] Exporting 25 secrets
2026-03-19 16:37:57 [OK] Backup: .\backup\passwords-20260319-163757.csv
2026-03-19 16:37:57 [OK] Report: .\report-20260319-163757.csv
2026-03-19 16:37:57 [OK] Completed
2026-03-19 16:44:55 [OK] Config loaded
2026-03-19 16:44:55 [OK] PasswordGenerator.psm1 loaded
2026-03-19 16:44:55 [OK] ADManager.psm1 loaded
2026-03-19 16:44:55 [OK] InfisicalManager.psm1 loaded
2026-03-19 16:44:55 [INFO] CSV path: C:\2\.\users.csv
2026-03-19 16:44:55 [INFO] CSV encoding: UTF-8
2026-03-19 16:44:55 [INFO] Loaded 1 rows from CSV
2026-03-19 16:44:55 [OK] Normalized: 1 users
2026-03-19 16:45:00 [OK] Generated: 1, Valid: 1
2026-03-19 16:45:00 [OK] AD: 1 passwords changed
2026-03-19 16:45:00 [INFO] Exporting 1 secrets
2026-03-19 16:45:02 [OK] Backup: .\backup\passwords-20260319-164502.csv
2026-03-19 16:45:02 [OK] Report: .\report-20260319-164502.csv
2026-03-19 16:45:02 [OK] Completed
